==12150== Memcheck, a memory error detector
==12150== Copyright (C) 2002-2012, and GNU GPL'd, by Julian Seward et al.
==12150== Using Valgrind-3.8.1 and LibVEX; rerun with -h for copyright info
==12150== Command: a.out
==12150== Parent PID: 8807
==12150== 
--12150-- 
--12150-- Valgrind options:
--12150--    --tool=memcheck
--12150--    --leak-check=full
--12150--    --verbose
--12150--    --log-file=memcheck.log
--12150-- Contents of /proc/version:
--12150--   Linux version 2.6.32-431.5.1.el6.x86_64 (mockbuild@x86-002.build.bos.redhat.com) (gcc version 4.4.7 20120313 (Red Hat 4.4.7-4) (GCC) ) #1 SMP Fri Jan 10 14:46:43 EST 2014
--12150-- Arch and hwcaps: AMD64, amd64-sse3-cx16
--12150-- Page sizes: currently 4096, max supported 4096
--12150-- Valgrind library directory: /usr/lib64/valgrind
--12150-- Reading syms from /home/tools/a/jang30/ece264/solutions/ECE264/PA06/a.out
--12150-- Reading syms from /usr/lib64/valgrind/memcheck-amd64-linux
--12150--    object doesn't have a dynamic symbol table
--12150-- Reading syms from /lib64/ld-2.12.so
--12150-- Scheduler: using generic scheduler lock implementation.
--12150-- Reading suppressions file: /usr/lib64/valgrind/default.supp
==12150== embedded gdbserver: reading from /tmp/vgdb-pipe-from-vgdb-to-12150-by-jang30-on-ecelinux11.ecn.purdue.edu
==12150== embedded gdbserver: writing to   /tmp/vgdb-pipe-to-vgdb-from-12150-by-jang30-on-ecelinux11.ecn.purdue.edu
==12150== embedded gdbserver: shared mem   /tmp/vgdb-pipe-shared-mem-vgdb-12150-by-jang30-on-ecelinux11.ecn.purdue.edu
==12150== 
==12150== TO CONTROL THIS PROCESS USING vgdb (which you probably
==12150== don't want to do, unless you know exactly what you're doing,
==12150== or are doing some strange experiment):
==12150==   /usr/lib64/valgrind/../../bin/vgdb --pid=12150 ...command...
==12150== 
==12150== TO DEBUG THIS PROCESS USING GDB: start GDB like this
==12150==   /path/to/gdb a.out
==12150== and then give GDB the following command
==12150==   target remote | /usr/lib64/valgrind/../../bin/vgdb --pid=12150
==12150== --pid is optional if only one valgrind process is running
==12150== 
--12150-- REDIR: 0x3467e17530 (strlen) redirected to 0x38049551 (vgPlain_amd64_linux_REDIR_FOR_strlen)
--12150-- Reading syms from /usr/lib64/valgrind/vgpreload_core-amd64-linux.so
--12150-- Reading syms from /usr/lib64/valgrind/vgpreload_memcheck-amd64-linux.so
--12150-- REDIR: 0x3467e173a0 (index) redirected to 0x4a07bf0 (index)
--12150-- REDIR: 0x3467e17420 (strcmp) redirected to 0x4a08530 (strcmp)
--12150-- Reading syms from /lib64/libc-2.12.so
--12150-- REDIR: 0x3468284fb0 (strcasecmp) redirected to 0x480155c (_vgnU_ifunc_wrapper)
--12150-- REDIR: 0x3468287270 (strncasecmp) redirected to 0x480155c (_vgnU_ifunc_wrapper)
--12150-- REDIR: 0x3468282f20 (__GI_strrchr) redirected to 0x4a07a70 (__GI_strrchr)
--12150-- REDIR: 0x346828add0 (strchrnul) redirected to 0x4a09f10 (strchrnul)
--12150-- REDIR: 0x346827b800 (free) redirected to 0x4a06369 (free)
--12150-- REDIR: 0x346827a920 (malloc) redirected to 0x4a0696c (malloc)
==12150== 
==12150== HEAP SUMMARY:
==12150==     in use at exit: 0 bytes in 0 blocks
==12150==   total heap usage: 1 allocs, 1 frees, 4 bytes allocated
==12150== 
==12150== All heap blocks were freed -- no leaks are possible
==12150== 
==12150== ERROR SUMMARY: 0 errors from 0 contexts (suppressed: 6 from 6)
--12150-- 
--12150-- used_suppression:      4 U1004-ARM-_dl_relocate_object
--12150-- used_suppression:      2 glibc-2.5.x-on-SUSE-10.2-(PPC)-2a
==12150== 
==12150== ERROR SUMMARY: 0 errors from 0 contexts (suppressed: 6 from 6)
