==1362== Memcheck, a memory error detector
==1362== Copyright (C) 2002-2012, and GNU GPL'd, by Julian Seward et al.
==1362== Using Valgrind-3.8.1 and LibVEX; rerun with -h for copyright info
==1362== Command: ./huffman inputs/02-godfather.txt-huff
==1362== Parent PID: 23961
==1362== 
--1362-- 
--1362-- Valgrind options:
--1362--    --tool=memcheck
--1362--    --leak-check=full
--1362--    --verbose
--1362--    --log-file=memcheck.log
--1362-- Contents of /proc/version:
--1362--   Linux version 2.6.32-431.11.2.el6.x86_64 (mockbuild@x86-027.build.eng.bos.redhat.com) (gcc version 4.4.7 20120313 (Red Hat 4.4.7-4) (GCC) ) #1 SMP Mon Mar 3 13:32:45 EST 2014
--1362-- Arch and hwcaps: AMD64, amd64-sse3-cx16
--1362-- Page sizes: currently 4096, max supported 4096
--1362-- Valgrind library directory: /usr/lib64/valgrind
--1362-- Reading syms from /home/tools/a/jang30/ece264/solutions/ECE264/PA09/huffman
--1362-- Reading syms from /usr/lib64/valgrind/memcheck-amd64-linux
--1362--    object doesn't have a dynamic symbol table
--1362-- Reading syms from /lib64/ld-2.12.so
--1362-- Scheduler: using generic scheduler lock implementation.
--1362-- Reading suppressions file: /usr/lib64/valgrind/default.supp
==1362== embedded gdbserver: reading from /tmp/vgdb-pipe-from-vgdb-to-1362-by-jang30-on-ecelinux45.ecn.purdue.edu
==1362== embedded gdbserver: writing to   /tmp/vgdb-pipe-to-vgdb-from-1362-by-jang30-on-ecelinux45.ecn.purdue.edu
==1362== embedded gdbserver: shared mem   /tmp/vgdb-pipe-shared-mem-vgdb-1362-by-jang30-on-ecelinux45.ecn.purdue.edu
==1362== 
==1362== TO CONTROL THIS PROCESS USING vgdb (which you probably
==1362== don't want to do, unless you know exactly what you're doing,
==1362== or are doing some strange experiment):
==1362==   /usr/lib64/valgrind/../../bin/vgdb --pid=1362 ...command...
==1362== 
==1362== TO DEBUG THIS PROCESS USING GDB: start GDB like this
==1362==   /path/to/gdb ./huffman
==1362== and then give GDB the following command
==1362==   target remote | /usr/lib64/valgrind/../../bin/vgdb --pid=1362
==1362== --pid is optional if only one valgrind process is running
==1362== 
--1362-- REDIR: 0x33f0617530 (strlen) redirected to 0x38049551 (vgPlain_amd64_linux_REDIR_FOR_strlen)
--1362-- Reading syms from /usr/lib64/valgrind/vgpreload_core-amd64-linux.so
--1362-- Reading syms from /usr/lib64/valgrind/vgpreload_memcheck-amd64-linux.so
--1362-- REDIR: 0x33f06173a0 (index) redirected to 0x4a07bf0 (index)
--1362-- REDIR: 0x33f0617420 (strcmp) redirected to 0x4a08530 (strcmp)
--1362-- Reading syms from /lib64/libc-2.12.so
--1362-- REDIR: 0x33f0a84fb0 (strcasecmp) redirected to 0x480155c (_vgnU_ifunc_wrapper)
--1362-- REDIR: 0x33f0a87270 (strncasecmp) redirected to 0x480155c (_vgnU_ifunc_wrapper)
--1362-- REDIR: 0x33f0a82f20 (__GI_strrchr) redirected to 0x4a07a70 (__GI_strrchr)
--1362-- REDIR: 0x33f0a7a920 (malloc) redirected to 0x4a0696c (malloc)
--1362-- REDIR: 0x33f0a7b800 (free) redirected to 0x4a06369 (free)
--1362-- REDIR: 0x33f0a8add0 (strchrnul) redirected to 0x4a09f10 (strchrnul)
--1362-- REDIR: 0x33f0a81440 (__GI_strlen) redirected to 0x4a07f70 (__GI_strlen)
--1362-- REDIR: 0x33f0a847e0 (mempcpy) redirected to 0x4a09f80 (mempcpy)
==1362== 
==1362== HEAP SUMMARY:
==1362==     in use at exit: 0 bytes in 0 blocks
==1362==   total heap usage: 81 allocs, 81 frees, 2,232 bytes allocated
==1362== 
==1362== All heap blocks were freed -- no leaks are possible
==1362== 
==1362== ERROR SUMMARY: 0 errors from 0 contexts (suppressed: 6 from 6)
--1362-- 
--1362-- used_suppression:      4 U1004-ARM-_dl_relocate_object
--1362-- used_suppression:      2 glibc-2.5.x-on-SUSE-10.2-(PPC)-2a
==1362== 
==1362== ERROR SUMMARY: 0 errors from 0 contexts (suppressed: 6 from 6)
