==19366== Memcheck, a memory error detector
==19366== Copyright (C) 2002-2012, and GNU GPL'd, by Julian Seward et al.
==19366== Using Valgrind-3.8.1 and LibVEX; rerun with -h for copyright info
==19366== Command: ./pa02
==19366== Parent PID: 18425
==19366== 
--19366-- 
--19366-- Valgrind options:
--19366--    --tool=memcheck
--19366--    --leak-check=full
--19366--    --verbose
--19366--    --log-file=memcheck.log
--19366-- Contents of /proc/version:
--19366--   Linux version 2.6.32-431.3.1.el6.x86_64 (mockbuild@x86-003.build.bos.redhat.com) (gcc version 4.4.7 20120313 (Red Hat 4.4.7-4) (GCC) ) #1 SMP Fri Dec 13 06:58:20 EST 2013
--19366-- Arch and hwcaps: AMD64, amd64-sse3-cx16
--19366-- Page sizes: currently 4096, max supported 4096
--19366-- Valgrind library directory: /usr/lib64/valgrind
--19366-- Reading syms from /home/tools/a/jang30/ece264/solutions/ECE264/PA02/pa02
--19366-- Reading syms from /usr/lib64/valgrind/memcheck-amd64-linux
--19366--    object doesn't have a dynamic symbol table
--19366-- Reading syms from /lib64/ld-2.12.so
--19366-- Scheduler: using generic scheduler lock implementation.
--19366-- Reading suppressions file: /usr/lib64/valgrind/default.supp
==19366== embedded gdbserver: reading from /tmp/vgdb-pipe-from-vgdb-to-19366-by-jang30-on-ecelinux24.ecn.purdue.edu
==19366== embedded gdbserver: writing to   /tmp/vgdb-pipe-to-vgdb-from-19366-by-jang30-on-ecelinux24.ecn.purdue.edu
==19366== embedded gdbserver: shared mem   /tmp/vgdb-pipe-shared-mem-vgdb-19366-by-jang30-on-ecelinux24.ecn.purdue.edu
==19366== 
==19366== TO CONTROL THIS PROCESS USING vgdb (which you probably
==19366== don't want to do, unless you know exactly what you're doing,
==19366== or are doing some strange experiment):
==19366==   /usr/lib64/valgrind/../../bin/vgdb --pid=19366 ...command...
==19366== 
==19366== TO DEBUG THIS PROCESS USING GDB: start GDB like this
==19366==   /path/to/gdb ./pa02
==19366== and then give GDB the following command
==19366==   target remote | /usr/lib64/valgrind/../../bin/vgdb --pid=19366
==19366== --pid is optional if only one valgrind process is running
==19366== 
--19366-- REDIR: 0x3600e17530 (strlen) redirected to 0x38049551 (vgPlain_amd64_linux_REDIR_FOR_strlen)
--19366-- Reading syms from /usr/lib64/valgrind/vgpreload_core-amd64-linux.so
--19366-- Reading syms from /usr/lib64/valgrind/vgpreload_memcheck-amd64-linux.so
--19366-- REDIR: 0x3600e173a0 (index) redirected to 0x4a07bf0 (index)
--19366-- REDIR: 0x3600e17420 (strcmp) redirected to 0x4a08530 (strcmp)
--19366-- Reading syms from /lib64/libc-2.12.so
--19366-- REDIR: 0x3601284fb0 (strcasecmp) redirected to 0x480155c (_vgnU_ifunc_wrapper)
--19366-- REDIR: 0x3601287270 (strncasecmp) redirected to 0x480155c (_vgnU_ifunc_wrapper)
--19366-- REDIR: 0x3601282f20 (__GI_strrchr) redirected to 0x4a07a70 (__GI_strrchr)
--19366-- REDIR: 0x3601281440 (__GI_strlen) redirected to 0x4a07f70 (__GI_strlen)
--19366-- REDIR: 0x360128add0 (strchrnul) redirected to 0x4a09f10 (strchrnul)
--19366-- REDIR: 0x360127b800 (free) redirected to 0x4a06369 (free)
==19366== 
==19366== HEAP SUMMARY:
==19366==     in use at exit: 0 bytes in 0 blocks
==19366==   total heap usage: 0 allocs, 0 frees, 0 bytes allocated
==19366== 
==19366== All heap blocks were freed -- no leaks are possible
==19366== 
==19366== ERROR SUMMARY: 0 errors from 0 contexts (suppressed: 6 from 6)
--19366-- 
--19366-- used_suppression:      4 U1004-ARM-_dl_relocate_object
--19366-- used_suppression:      2 glibc-2.5.x-on-SUSE-10.2-(PPC)-2a
==19366== 
==19366== ERROR SUMMARY: 0 errors from 0 contexts (suppressed: 6 from 6)
